[debug] ----------------------------------------------------------------------
[debug] Command:      C:\Program Files\nodejs\node.exe C:\Users\USER\AppData\Roaming\npm\node_modules\firebase-tools\bin\firebase deploy
[debug] CLI Version:  3.6.1
[debug] Platform:     win32
[debug] Node Version: v6.7.0
[debug] Time:         Sat Jul 15 2017 12:55:09 GMT+0800 (Malay Peninsula Standard Time)
[debug] ----------------------------------------------------------------------
[debug] 
[debug] > command requires scopes: ["email","openid","https://www.googleapis.com/auth/cloudplatformprojects.readonly","https://www.googleapis.com/auth/firebase","https://www.googleapis.com/auth/cloud-platform"]
[debug] > refreshing access token with scopes: ["email","https://www.googleapis.com/auth/cloud-platform","https://www.googleapis.com/auth/cloudplatformprojects.readonly","https://www.googleapis.com/auth/firebase","openid"]
[debug] >>> HTTP REQUEST POST https://www.googleapis.com/oauth2/v3/token { refresh_token: '1/4rV1E71e06alJYDuRKSBapuoaQECMke6y9JqBKjuL-g',
  client_id: '563584335869-fgrhgmd47bqnekij5i8b5pr03ho849e6.apps.googleusercontent.com',
  client_secret: 'j9iVZfS8kkCEFUPaAeJV0sAi',
  grant_type: 'refresh_token',
  scope: 'email https://www.googleapis.com/auth/cloud-platform https://www.googleapis.com/auth/cloudplatformprojects.readonly https://www.googleapis.com/auth/firebase openid' } 
 Sat Jul 15 2017 12:55:09 GMT+0800 (Malay Peninsula Standard Time)
[debug] <<< HTTP RESPONSE 200
[debug] >>> HTTP REQUEST GET https://admin.firebase.com/v1/projects/designjuice-ba5fb  
 Sat Jul 15 2017 12:55:11 GMT+0800 (Malay Peninsula Standard Time)
[debug] <<< HTTP RESPONSE 200
[debug] >>> HTTP REQUEST GET https://admin.firebase.com/v1/database/designjuice-ba5fb/tokens  
 Sat Jul 15 2017 12:55:12 GMT+0800 (Malay Peninsula Standard Time)
[debug] <<< HTTP RESPONSE 200
[info] 
[info] === Deploying to 'designjuice-ba5fb'...
[info] 
[info] i  deploying database, functions, hosting
[info] +  database: rules ready to deploy.
[debug] > [functions] package.json contents: {
  "name": "functions",
  "description": "Cloud Functions for Firebase",
  "dependencies": {
    "firebase-admin": "~4.1.2",
    "firebase-functions": "^0.5"
  },
  "private": true
}
[info] i  functions: ensuring necessary APIs are enabled...
[info] i  runtimeconfig: ensuring necessary APIs are enabled...
[debug] >>> HTTP REQUEST GET https://servicemanagement.googleapis.com/v1/services/cloudfunctions.googleapis.com/projectSettings/designjuice-ba5fb?view=CONSUMER_VIEW  
 Sat Jul 15 2017 12:55:16 GMT+0800 (Malay Peninsula Standard Time)
[debug] >>> HTTP REQUEST GET https://servicemanagement.googleapis.com/v1/services/runtimeconfig.googleapis.com/projectSettings/designjuice-ba5fb?view=CONSUMER_VIEW  
 Sat Jul 15 2017 12:55:16 GMT+0800 (Malay Peninsula Standard Time)
[debug] <<< HTTP RESPONSE 200
[info] +  runtimeconfig: all necessary APIs are enabled
[debug] <<< HTTP RESPONSE 200
[info] +  functions: all necessary APIs are enabled
[debug] >>> HTTP REQUEST GET https://appengine.googleapis.com/v1/apps/designjuice-ba5fb  
 Sat Jul 15 2017 12:55:18 GMT+0800 (Malay Peninsula Standard Time)
[debug] >>> HTTP REQUEST GET https://apikeys.googleapis.com/v1/projects/designjuice-ba5fb/apiKeys  
 Sat Jul 15 2017 12:55:18 GMT+0800 (Malay Peninsula Standard Time)
[debug] <<< HTTP RESPONSE 200
[debug] <<< HTTP RESPONSE 200
[info] i  functions: preparing functions directory for uploading...
[debug] >>> HTTP REQUEST GET https://runtimeconfig.googleapis.com/v1beta1/projects/designjuice-ba5fb/configs  
 Sat Jul 15 2017 12:57:56 GMT+0800 (Malay Peninsula Standard Time)
[debug] <<< HTTP RESPONSE 200
[debug] > [functions] runtime config materialized as: {
  "firebase": {
    "databaseURL": "https://designjuice-ba5fb.firebaseio.com",
    "storageBucket": "designjuice-ba5fb.appspot.com",
    "apiKey": "AIzaSyBfcgBHi5D9v6vA0naFyX798PkuDN2J5BU",
    "authDomain": "designjuice-ba5fb.firebaseapp.com"
  }
}
[debug] > [functions] parsed triggers: []
[info] i  hosting: preparing build/es6-unbundled/ directory for upload...
[debug] >>> HTTP REQUEST PUT https://deploy.firebase.com/v1/hosting/designjuice-ba5fb/uploads/-Kp3aSitT3wFrhEM0CJh?fileCount=149&message=  
 Sat Jul 15 2017 12:57:58 GMT+0800 (Malay Peninsula Standard Time)
